<?xml version="1.0" encoding="UTF-8"?>
<!-- Generated by org.testng.reporters.JUnitXMLReporter -->
<testsuite ignored="0" hostname="HP-15s" failures="0" tests="7" name="Default test" time="5.427" errors="0" timestamp="2025-08-09T15:35:14 IST">
  <testcase classname="apitest.APITest" name="login" time="2.335"/>
  <testcase classname="apitest.APITest" name="getAccessToken" time="0.323"/>
  <testcase classname="apitest.APITest" name="viewBookingList" time="0.604"/>
  <testcase classname="apitest.APITest" name="viewBokingById" time="0.415"/>
  <testcase classname="apitest.APITest" name="viewBokingByTrainClass" time="0.315"/>
  <testcase classname="apitest.APITest" name="addBooking" time="0.371"/>
  <testcase classname="apitest.APITest" name="deleteBookingByid" time="0.316"/>
</testsuite> <!-- Default test -->
