<?xml version="1.0" encoding="UTF-8"?>
<testsuite xmlns:xsi="http://www.w3.org/2001/XMLSchema-instance" xsi:noNamespaceSchemaLocation="https://maven.apache.org/surefire/maven-surefire-plugin/xsd/surefire-test-report-3.0.xsd" version="3.0" name="TestSuite" time="6.126" tests="7" errors="0" skipped="0" failures="0">
  <properties>
[...]
</properties>
  <testcase name="login" classname="apitest.APITest" time="2.13">
    <system-out><![CDATA[[11:53:19] [INFO] utlities.RestassuredUtlities - initialized
Started
HTTP/1.1 200 
Content-Type: application/json
Content-Length: 38
Date: Sat, 16 Aug 2025 06:23:24 GMT
Keep-Alive: timeout=60
Connection: keep-alive

{
    "auth_code": "DadyPSbS-Sn5DYlGgqh9LA"
}
[11:53:21] [INFO] utlities.RestassuredUtlities - == called login req
]]></system-out>
  </testcase>
  <testcase name="getAccessToken" classname="apitest.APITest" time="0.152">
    <system-out><![CDATA[HTTP/1.1 200 
Content-Type: application/json
Content-Length: 62
Date: Sat, 16 Aug 2025 06:23:24 GMT
Keep-Alive: timeout=60
Connection: keep-alive

{
    "access_token": "C-d5-RzeM4M-cwEqBE06dZQX9RmzAuCavejEHAmLlsE"
}
[11:53:21] [INFO] utlities.RestassuredUtlities - == called accessTokenRequest
]]></system-out>
  </testcase>
  <testcase name="viewBookingList" classname="apitest.APITest" time="0.346">
    <system-out><![CDATA[HTTP/1.1 200 
Content-Type: application/xml
Content-Length: 722
Date: Sat, 16 Aug 2025 06:23:24 GMT
Keep-Alive: timeout=60
Connection: keep-alive

<bookings>
  <booking>
    <arrivalCity>Coimbatore</arrivalCity>
    <bookingDate>23/11/2021</bookingDate>
    <bookingId>1001</bookingId>
    <departCity>Chennai</departCity>
    <passengerCount>1</passengerCount>
    <passengerName>Rakesh</passengerName>
    <ticketType>GENERAL</ticketType>
    <trainClass>SLEEPER</trainClass>
    <trainName>Chennai Express</trainName>
  </booking>
  <booking>
    <arrivalCity>Madurai</arrivalCity>
    <bookingDate>24/12/2021</bookingDate>
    <bookingId>3101</bookingId>
    <departCity>Chennai</departCity>
    <passengerCount>1</passengerCount>
    <passengerName>Priya</passengerName>
    <ticketType>GENERAL</ticketType>
    <trainClass>THIRDAC</trainClass>
    <trainName>Madurai Express</trainName>
  </booking>
</bookings>
[11:53:21] [INFO] utlities.RestassuredUtlities - == called viewBookingListRequest
]]></system-out>
  </testcase>
  <testcase name="viewBokingById" classname="apitest.APITest" time="0.138">
    <system-out><![CDATA[HTTP/1.1 200 
Content-Type: application/xml
Content-Length: 380
Date: Sat, 16 Aug 2025 06:23:25 GMT
Keep-Alive: timeout=60
Connection: keep-alive

<booking>
  <arrivalCity>Coimbatore</arrivalCity>
  <bookingDate>23/11/2021</bookingDate>
  <bookingId>1001</bookingId>
  <departCity>Chennai</departCity>
  <passengerCount>1</passengerCount>
  <passengerName>Rakesh</passengerName>
  <ticketType>GENERAL</ticketType>
  <trainClass>SLEEPER</trainClass>
  <trainName>Chennai Express</trainName>
</booking>
[11:53:22] [INFO] utlities.RestassuredUtlities - == called viewBookingByIdRequest
]]></system-out>
  </testcase>
  <testcase name="viewBokingByTrainClass" classname="apitest.APITest" time="0.155">
    <system-out><![CDATA[HTTP/1.1 200 
Content-Type: application/xml
Content-Length: 380
Date: Sat, 16 Aug 2025 06:23:25 GMT
Keep-Alive: timeout=60
Connection: keep-alive

<booking>
  <arrivalCity>Coimbatore</arrivalCity>
  <bookingDate>23/11/2021</bookingDate>
  <bookingId>1001</bookingId>
  <departCity>Chennai</departCity>
  <passengerCount>1</passengerCount>
  <passengerName>Rakesh</passengerName>
  <ticketType>GENERAL</ticketType>
  <trainClass>SLEEPER</trainClass>
  <trainName>Chennai Express</trainName>
</booking>
[11:53:22] [INFO] utlities.RestassuredUtlities - == called viewBookingByTrainClassRequest
]]></system-out>
  </testcase>
  <testcase name="addBooking" classname="apitest.APITest" time="0.172">
    <system-out><![CDATA[HTTP/1.1 200 
Content-Type: application/xml
Content-Length: 1041
Date: Sat, 16 Aug 2025 06:23:25 GMT
Keep-Alive: timeout=60
Connection: keep-alive

<bookings>
  <booking>
    <arrivalCity>Coimbatore</arrivalCity>
    <bookingDate>23/11/2021</bookingDate>
    <bookingId>1001</bookingId>
    <departCity>Chennai</departCity>
    <passengerCount>1</passengerCount>
    <passengerName>Rakesh</passengerName>
    <ticketType>GENERAL</ticketType>
    <trainClass>SLEEPER</trainClass>
    <trainName>Chennai Express</trainName>
  </booking>
  <booking>
    <arrivalCity>Madurai</arrivalCity>
    <bookingDate>24/12/2021</bookingDate>
    <bookingId>3101</bookingId>
    <departCity>Chennai</departCity>
    <passengerCount>1</passengerCount>
    <passengerName>Priya</passengerName>
    <ticketType>GENERAL</ticketType>
    <trainClass>THIRDAC</trainClass>
    <trainName>Madurai Express</trainName>
  </booking>
  <booking>
    <arrivalCity>Chennai</arrivalCity>
    <bookingDate>01/01/2022</bookingDate>
    <bookingId>15</bookingId>
    <departCity>Pune</departCity>
    <passengerCount>3</passengerCount>
    <passengerName>Chaitanya</passengerName>
    <ticketType>GENERAL</ticketType>
    <trainClass>ThirdAC</trainClass>
    <trainName>ChennaiExpress</trainName>
  </booking>
</bookings>
[11:53:22] [INFO] utlities.RestassuredUtlities - == called addBookingRequest
]]></system-out>
  </testcase>
  <testcase name="deleteBookingByid" classname="apitest.APITest" time="0.143">
    <system-out><![CDATA[HTTP/1.1 200 
Content-Type: application/xml
Content-Length: 397
Date: Sat, 16 Aug 2025 06:23:25 GMT
Keep-Alive: timeout=60
Connection: keep-alive

<bookings>
  <booking>
    <arrivalCity>Madurai</arrivalCity>
    <bookingDate>24/12/2021</bookingDate>
    <bookingId>3101</bookingId>
    <departCity>Chennai</departCity>
    <passengerCount>1</passengerCount>
    <passengerName>Priya</passengerName>
    <ticketType>GENERAL</ticketType>
    <trainClass>THIRDAC</trainClass>
    <trainName>Madurai Express</trainName>
  </booking>
</bookings>
[11:53:22] [INFO] utlities.RestassuredUtlities - == called deleteBookingByidRequest
]]></system-out>
  </testcase>
</testsuite>