<?xml version="1.0" encoding="UTF-8"?>
<!-- Generated by org.testng.reporters.JUnitXMLReporter -->
<testsuite ignored="0" hostname="HP-15s" failures="0" tests="7" name="API Tests" time="4.113" errors="0" timestamp="2025-08-16T11:53:22 IST">
  <testcase classname="apitest.APITest" name="login" time="2.136"/>
  <testcase classname="apitest.APITest" name="getAccessToken" time="0.152"/>
  <testcase classname="apitest.APITest" name="viewBookingList" time="0.346"/>
  <testcase classname="apitest.APITest" name="viewBokingById" time="0.138"/>
  <testcase classname="apitest.APITest" name="viewBokingByTrainClass" time="0.155"/>
  <testcase classname="apitest.APITest" name="addBooking" time="0.17"/>
  <testcase classname="apitest.APITest" name="deleteBookingByid" time="0.144"/>
</testsuite> <!-- API Tests -->
