<?xml version="1.0" encoding="UTF-8"?>
<testng-results ignored="0" total="7" passed="7" failed="0" skipped="0">
  <reporter-output>
  </reporter-output>
  <suite started-at="2025-08-14T15:33:51 IST" name="APITest Suite" finished-at="2025-08-14T15:33:59 IST" duration-ms="7918">
    <groups>
    </groups>
    <test started-at="2025-08-14T15:33:51 IST" name="API Tests" finished-at="2025-08-14T15:33:59 IST" duration-ms="7918">
      <class name="apitest.APITest">
        <test-method is-config="true" signature="beforeTest()[pri:0, instance:apitest.APITest@407cf41]" started-at="2025-08-14T15:33:51 IST" name="beforeTest" finished-at="2025-08-14T15:33:53 IST" duration-ms="1769" status="PASS">
          <reporter-output>
          </reporter-output>
        </test-method> <!-- beforeTest -->
        <test-method signature="login()[pri:1, instance:apitest.APITest@407cf41]" started-at="2025-08-14T15:33:53 IST" name="login" finished-at="2025-08-14T15:33:57 IST" duration-ms="4246" status="PASS">
          <reporter-output>
          </reporter-output>
        </test-method> <!-- login -->
        <test-method signature="getAccessToken()[pri:2, instance:apitest.APITest@407cf41]" started-at="2025-08-14T15:33:57 IST" name="getAccessToken" finished-at="2025-08-14T15:33:57 IST" duration-ms="233" status="PASS">
          <reporter-output>
          </reporter-output>
        </test-method> <!-- getAccessToken -->
        <test-method signature="viewBookingList()[pri:3, instance:apitest.APITest@407cf41]" started-at="2025-08-14T15:33:57 IST" name="viewBookingList" finished-at="2025-08-14T15:33:58 IST" duration-ms="585" status="PASS">
          <reporter-output>
          </reporter-output>
        </test-method> <!-- viewBookingList -->
        <test-method signature="viewBokingById()[pri:0, instance:apitest.APITest@407cf41]" started-at="2025-08-14T15:33:58 IST" name="viewBokingById" finished-at="2025-08-14T15:33:58 IST" depends-on-methods="apitest.APITest.viewBookingList" duration-ms="211" status="PASS">
          <reporter-output>
          </reporter-output>
        </test-method> <!-- viewBokingById -->
        <test-method signature="viewBokingByTrainClass()[pri:0, instance:apitest.APITest@407cf41]" started-at="2025-08-14T15:33:58 IST" name="viewBokingByTrainClass" finished-at="2025-08-14T15:33:59 IST" depends-on-methods="apitest.APITest.viewBookingList" duration-ms="260" status="PASS">
          <reporter-output>
          </reporter-output>
        </test-method> <!-- viewBokingByTrainClass -->
        <test-method signature="addBooking()[pri:4, instance:apitest.APITest@407cf41]" started-at="2025-08-14T15:33:59 IST" name="addBooking" finished-at="2025-08-14T15:33:59 IST" duration-ms="251" status="PASS">
          <reporter-output>
          </reporter-output>
        </test-method> <!-- addBooking -->
        <test-method signature="deleteBookingByid()[pri:5, instance:apitest.APITest@407cf41]" started-at="2025-08-14T15:33:59 IST" name="deleteBookingByid" finished-at="2025-08-14T15:33:59 IST" duration-ms="189" status="PASS">
          <reporter-output>
          </reporter-output>
        </test-method> <!-- deleteBookingByid -->
        <test-method is-config="true" signature="afterTest()[pri:0, instance:apitest.APITest@407cf41]" started-at="2025-08-14T15:33:59 IST" name="afterTest" finished-at="2025-08-14T15:33:59 IST" duration-ms="3" status="PASS">
          <reporter-output>
          </reporter-output>
        </test-method> <!-- afterTest -->
      </class> <!-- apitest.APITest -->
    </test> <!-- API Tests -->
  </suite> <!-- APITest Suite -->
</testng-results>
